# JRE version: Java(TM) SE Runtime Environment (8.0_92-b14) (build 1.8.0_92-b14)
# Java VM: Java HotSpot(TM) 64-Bit Server VM (25.92-b14 mixed mode bsd-amd64 compressed oops)
Heap:
 PSYoungGen      total 26112K, used 5798K [0x000000076ab00000, 0x000000076ca80000, 0x00000007c0000000)
  eden space 20992K, 27% used [0x000000076ab00000,0x000000076b0a9af0,0x000000076bf80000)
  from space 5120K, 0% used [0x000000076bf80000,0x000000076bf80000,0x000000076c480000)
  to   space 5632K, 0% used [0x000000076c500000,0x000000076c500000,0x000000076ca80000)
 ParOldGen       total 73216K, used 22963K [0x00000006c0000000, 0x00000006c4780000, 0x000000076ab00000)
  object space 73216K, 31% used [0x00000006c0000000,0x00000006c166ce10,0x00000006c4780000)
 Metaspace       used 19397K, capacity 19696K, committed 19968K, reserved 1067008K
  class space    used 2419K, capacity 2516K, committed 2560K, reserved 1048576K
GC Heap History (10 events):
Event: 756144.571 GC heap before
{Heap before GC invocations=1260 (full 14):
 PSYoungGen      total 23552K, used 23156K [0x000000076ab00000, 0x000000076c980000, 0x00000007c0000000)
  eden space 20992K, 100% used [0x000000076ab00000,0x000000076bf80000,0x000000076bf80000)
  from space 2560K, 84% used [0x000000076bf80000,0x000000076c19d2e0,0x000000076c200000)
  to   space 5120K, 0% used [0x000000076c480000,0x000000076c480000,0x000000076c980000)
 ParOldGen       total 71680K, used 57891K [0x00000006c0000000, 0x00000006c4600000, 0x000000076ab00000)
  object space 71680K, 80% used [0x00000006c0000000,0x00000006c3888e08,0x00000006c4600000)
 Metaspace       used 19404K, capacity 19708K, committed 19968K, reserved 1067008K
  class space    used 2420K, capacity 2518K, committed 2560K, reserved 1048576K
Event: 756144.615 GC heap after
Heap after GC invocations=1260 (full 14):
 PSYoungGen      total 26112K, used 1088K [0x000000076ab00000, 0x000000076c980000, 0x00000007c0000000)
  eden space 20992K, 0% used [0x000000076ab00000,0x000000076ab00000,0x000000076bf80000)
  from space 5120K, 21% used [0x000000076c480000,0x000000076c590020,0x000000076c980000)
  to   space 5120K, 0% used [0x000000076bf80000,0x000000076bf80000,0x000000076c480000)
 ParOldGen       total 71680K, used 57891K [0x00000006c0000000, 0x00000006c4600000, 0x000000076ab00000)
  object space 71680K, 80% used [0x00000006c0000000,0x00000006c3888e08,0x00000006c4600000)
 Metaspace       used 19404K, capacity 19708K, committed 19968K, reserved 1067008K
  class space    used 2420K, capacity 2518K, committed 2560K, reserved 1048576K
}
Event: 775499.741 GC heap before
{Heap before GC invocations=1261 (full 14):
 PSYoungGen      total 26112K, used 22080K [0x000000076ab00000, 0x000000076c980000, 0x00000007c0000000)
  eden space 20992K, 100% used [0x000000076ab00000,0x000000076bf80000,0x000000076bf80000)
  from space 5120K, 21% used [0x000000076c480000,0x000000076c590020,0x000000076c980000)
  to   space 5120K, 0% used [0x000000076bf80000,0x000000076bf80000,0x000000076c480000)
 ParOldGen       total 71680K, used 57891K [0x00000006c0000000, 0x00000006c4600000, 0x000000076ab00000)
  object space 71680K, 80% used [0x00000006c0000000,0x00000006c3888e08,0x00000006c4600000)
 Metaspace       used 19404K, capacity 19708K, committed 19968K, reserved 1067008K
  class space    used 2420K, capacity 2518K, committed 2560K, reserved 1048576K
Event: 775499.744 GC heap after
Heap after GC invocations=1261 (full 14):
 PSYoungGen      total 26112K, used 704K [0x000000076ab00000, 0x000000076c980000, 0x00000007c0000000)
  eden space 20992K, 0% used [0x000000076ab00000,0x000000076ab00000,0x000000076bf80000)
  from space 5120K, 13% used [0x000000076bf80000,0x000000076c030010,0x000000076c480000)
  to   space 5120K, 0% used [0x000000076c480000,0x000000076c480000,0x000000076c980000)
 ParOldGen       total 71680K, used 57891K [0x00000006c0000000, 0x00000006c4600000, 0x000000076ab00000)
  object space 71680K, 80% used [0x00000006c0000000,0x00000006c3888e08,0x00000006c4600000)
 Metaspace       used 19404K, capacity 19708K, committed 19968K, reserved 1067008K
  class space    used 2420K, capacity 2518K, committed 2560K, reserved 1048576K
}
Event: 794834.494 GC heap before
{Heap before GC invocations=1262 (full 14):
 PSYoungGen      total 26112K, used 21696K [0x000000076ab00000, 0x000000076c980000, 0x00000007c0000000)
  eden space 20992K, 100% used [0x000000076ab00000,0x000000076bf80000,0x000000076bf80000)
  from space 5120K, 13% used [0x000000076bf80000,0x000000076c030010,0x000000076c480000)
  to   space 5120K, 0% used [0x000000076c480000,0x000000076c480000,0x000000076c980000)
 ParOldGen       total 71680K, used 57891K [0x00000006c0000000, 0x00000006c4600000, 0x000000076ab00000)
  object space 71680K, 80% used [0x00000006c0000000,0x00000006c3888e08,0x00000006c4600000)
 Metaspace       used 19404K, capacity 19708K, committed 19968K, reserved 1067008K
  class space    used 2420K, capacity 2518K, committed 2560K, reserved 1048576K
Event: 794834.496 GC heap after
Heap after GC invocations=1262 (full 14):
 PSYoungGen      total 26112K, used 672K [0x000000076ab00000, 0x000000076c980000, 0x00000007c0000000)
  eden space 20992K, 0% used [0x000000076ab00000,0x000000076ab00000,0x000000076bf80000)
  from space 5120K, 13% used [0x000000076c480000,0x000000076c528010,0x000000076c980000)
  to   space 5120K, 0% used [0x000000076bf80000,0x000000076bf80000,0x000000076c480000)
 ParOldGen       total 71680K, used 57891K [0x00000006c0000000, 0x00000006c4600000, 0x000000076ab00000)
  object space 71680K, 80% used [0x00000006c0000000,0x00000006c3888e08,0x00000006c4600000)
 Metaspace       used 19404K, capacity 19708K, committed 19968K, reserved 1067008K
  class space    used 2420K, capacity 2518K, committed 2560K, reserved 1048576K
}
Event: 799832.056 GC heap before
{Heap before GC invocations=1263 (full 14):
 PSYoungGen      total 26112K, used 20446K [0x000000076ab00000, 0x000000076c980000, 0x00000007c0000000)
  eden space 20992K, 94% used [0x000000076ab00000,0x000000076be4fbc8,0x000000076bf80000)
  from space 5120K, 13% used [0x000000076c480000,0x000000076c528010,0x000000076c980000)
  to   space 5120K, 0% used [0x000000076bf80000,0x000000076bf80000,0x000000076c480000)
 ParOldGen       total 71680K, used 57891K [0x00000006c0000000, 0x00000006c4600000, 0x000000076ab00000)
  object space 71680K, 80% used [0x00000006c0000000,0x00000006c3888e08,0x00000006c4600000)
 Metaspace       used 19404K, capacity 19708K, committed 19968K, reserved 1067008K
  class space    used 2420K, capacity 2518K, committed 2560K, reserved 1048576K
Event: 799832.097 GC heap after
Heap after GC invocations=1263 (full 14):
 PSYoungGen      total 26112K, used 4331K [0x000000076ab00000, 0x000000076ca80000, 0x00000007c0000000)
  eden space 20992K, 0% used [0x000000076ab00000,0x000000076ab00000,0x000000076bf80000)
  from space 5120K, 84% used [0x000000076bf80000,0x000000076c3bae38,0x000000076c480000)
  to   space 5632K, 0% used [0x000000076c500000,0x000000076c500000,0x000000076ca80000)
 ParOldGen       total 71680K, used 65484K [0x00000006c0000000, 0x00000006c4600000, 0x000000076ab00000)
  object space 71680K, 91% used [0x00000006c0000000,0x00000006c3ff3058,0x00000006c4600000)
 Metaspace       used 19404K, capacity 19708K, committed 19968K, reserved 1067008K
  class space    used 2420K, capacity 2518K, committed 2560K, reserved 1048576K
}
Event: 799832.097 GC heap before
{Heap before GC invocations=1264 (full 15):
 PSYoungGen      total 26112K, used 4331K [0x000000076ab00000, 0x000000076ca80000, 0x00000007c0000000)
  eden space 20992K, 0% used [0x000000076ab00000,0x000000076ab00000,0x000000076bf80000)
  from space 5120K, 84% used [0x000000076bf80000,0x000000076c3bae38,0x000000076c480000)
  to   space 5632K, 0% used [0x000000076c500000,0x000000076c500000,0x000000076ca80000)
 ParOldGen       total 71680K, used 65484K [0x00000006c0000000, 0x00000006c4600000, 0x000000076ab00000)
  object space 71680K, 91% used [0x00000006c0000000,0x00000006c3ff3058,0x00000006c4600000)
 Metaspace       used 19404K, capacity 19708K, committed 19968K, reserved 1067008K
  class space    used 2420K, capacity 2518K, committed 2560K, reserved 1048576K
Event: 799832.370 GC heap after
Heap after GC invocations=1264 (full 15):
 PSYoungGen      total 26112K, used 0K [0x000000076ab00000, 0x000000076ca80000, 0x00000007c0000000)
  eden space 20992K, 0% used [0x000000076ab00000,0x000000076ab00000,0x000000076bf80000)
  from space 5120K, 0% used [0x000000076bf80000,0x000000076bf80000,0x000000076c480000)
  to   space 5632K, 0% used [0x000000076c500000,0x000000076c500000,0x000000076ca80000)
 ParOldGen       total 73216K, used 22963K [0x00000006c0000000, 0x00000006c4780000, 0x000000076ab00000)
  object space 73216K, 31% used [0x00000006c0000000,0x00000006c166ce10,0x00000006c4780000)
 Metaspace       used 19397K, capacity 19696K, committed 19968K, reserved 1067008K
  class space    used 2419K, capacity 2516K, committed 2560K, reserved 1048576K
}

